#
# There is insufficient memory for the Java Runtime Environment to continue.
# Native memory allocation (malloc) failed to allocate 1048576 bytes for AllocateHeap
# Possible reasons:
#   The system is out of physical RAM or swap space
#   The process is running with CompressedOops enabled, and the Java Heap may be blocking the growth of the native heap
# Possible solutions:
#   Reduce memory load on the system
#   Increase physical memory or swap space
#   Check if swap backing store is full
#   Decrease Java heap size (-Xmx/-Xms)
#   Decrease number of Java threads
#   Decrease Java thread stack sizes (-Xss)
#   Set larger code cache with -XX:ReservedCodeCacheSize=
#   JVM is running with Unscaled Compressed Oops mode in which the Java heap is
#     placed in the first 4GB address space. The Java Heap base address is the
#     maximum limit for the native heap growth. Please use -XX:HeapBaseMinAddress
#     to set the Java Heap base and to place the Java Heap above 4GB virtual address.
# This output file may be truncated or incomplete.
#
#  Out of Memory Error (memory/allocation.inline.hpp:61), pid=5544, tid=0x0000000000001db0
#
# JRE version:  (8.0_202-b03) (build )
# Java VM: OpenJDK 64-Bit Server VM (25.202-b03 mixed mode windows-amd64 compressed oops)
# Failed to write core dump. Minidumps are not enabled by default on client versions of Windows
#

---------------  T H R E A D  ---------------

Current thread (0x000000000309e000):  JavaThread "Unknown thread" [_thread_in_vm, id=7600, stack(0x00000000015b0000,0x00000000016b0000)]

Stack: [0x00000000015b0000,0x00000000016b0000]
[error occurred during error reporting (printing stack bounds), id 0xc0000005]

Native frames: (J=compiled Java code, j=interpreted, Vv=VM code, C=native code)


---------------  P R O C E S S  ---------------

Java Threads: ( => current thread )

Other Threads:

=>0x000000000309e000 (exited) JavaThread "Unknown thread" [_thread_in_vm, id=7600, stack(0x00000000015b0000,0x00000000016b0000)]

VM state:not at safepoint (normal execution)

VM Mutex/Monitor currently owned by a thread: None

heap address: 0x0000000090c00000, size: 1780 MB, Compressed Oops mode: 32-bit
Narrow klass base: 0x0000000000000000, Narrow klass shift: 3
Compressed class space size: 1073741824 Address: 0x0000000100000000

Heap:
 PSYoungGen      total 33280K, used 573K [0x00000000daf00000, 0x00000000dd400000, 0x0000000100000000)
  eden space 28672K, 2% used [0x00000000daf00000,0x00000000daf8f5d0,0x00000000dcb00000)
  from space 4608K, 0% used [0x00000000dcf80000,0x00000000dcf80000,0x00000000dd400000)
  to   space 4608K, 0% used [0x00000000dcb00000,0x00000000dcb00000,0x00000000dcf80000)
 ParOldGen       total 76800K, used 0K [0x0000000090c00000, 0x0000000095700000, 0x00000000daf00000)
  object space 76800K, 0% used [0x0000000090c00000,0x0000000090c00000,0x0000000095700000)
 Metaspace       used 778K, capacity 4480K, committed 4480K, reserved 1056768K
  class space    used 74K, capacity 384K, committed 384K, reserved 1048576K

Card table byte_map: [0x0000000012470000,0x00000000127f0000] byte_map_base: 0x0000000011fea000

Marking Bits: (ParMarkBitMap*) 0x0000000059d39f30
 Begin Bits: [0x0000000012e50000, 0x0000000014a20000)
 End Bits:   [0x0000000014a20000, 0x00000000165f0000)

Polling page: 0x0000000001120000

CodeCache: size=245760Kb used=327Kb max_used=327Kb free=245432Kb
 bounds [0x00000000030b0000, 0x0000000003320000, 0x00000000120b0000]
 total_blobs=56 nmethods=0 adapters=38
 compilation: enabled

Compilation events (0 events):
No events

GC Heap History (0 events):
No events

Deoptimization events (0 events):
No events

Classes redefined (0 events):
No events

Internal exceptions (0 events):
No events

Events (10 events):
Event: 0.025 loading class java/lang/Short
Event: 0.025 loading class java/lang/Short done
Event: 0.025 loading class java/lang/Integer
Event: 0.025 loading class java/lang/Integer done
Event: 0.025 loading class java/lang/Long
Event: 0.025 loading class java/lang/Long done
Event: 0.026 loading class java/lang/NullPointerException
Event: 0.026 loading class java/lang/NullPointerException done
Event: 0.026 loading class java/lang/ArithmeticException
Event: 0.026 loading class java/lang/ArithmeticException done


Dynamic libraries:
0x00007ff7b06f0000 - 0x00007ff7b0721000 	C:\Program Files\Android\Android Studio\jre\jre\bin\java.exe
0x00007ffdc4200000 - 0x00007ffdc43ed000 	C:\Windows\SYSTEM32\ntdll.dll
0x00007ffdc3fc0000 - 0x00007ffdc4073000 	C:\Windows\System32\KERNEL32.DLL
0x00007ffdc1000000 - 0x00007ffdc1293000 	C:\Windows\System32\KERNELBASE.dll
0x00007ffdc1bf0000 - 0x00007ffdc1c93000 	C:\Windows\System32\ADVAPI32.dll
0x00007ffdc39b0000 - 0x00007ffdc3a4e000 	C:\Windows\System32\msvcrt.dll
0x00007ffdc4120000 - 0x00007ffdc41be000 	C:\Windows\System32\sechost.dll
0x00007ffdc19b0000 - 0x00007ffdc1ad2000 	C:\Windows\System32\RPCRT4.dll
0x00007ffdc1420000 - 0x00007ffdc15b7000 	C:\Windows\System32\USER32.dll
0x00007ffdc04c0000 - 0x00007ffdc04e0000 	C:\Windows\System32\win32u.dll
0x00007ffdc1800000 - 0x00007ffdc1829000 	C:\Windows\System32\GDI32.dll
0x00007ffdc02c0000 - 0x00007ffdc0459000 	C:\Windows\System32\gdi32full.dll
0x00007ffdc0630000 - 0x00007ffdc06d0000 	C:\Windows\System32\msvcp_win.dll
0x00007ffdc0530000 - 0x00007ffdc062a000 	C:\Windows\System32\ucrtbase.dll
0x00007ffdafe00000 - 0x00007ffdb0079000 	C:\Windows\WinSxS\amd64_microsoft.windows.common-controls_6595b64144ccf1df_6.0.17763.914_none_05b346b2072102f2\COMCTL32.dll
0x00007ffdc3b20000 - 0x00007ffdc3e4c000 	C:\Windows\System32\combase.dll
0x00007ffdc12a0000 - 0x00007ffdc131e000 	C:\Windows\System32\bcryptPrimitives.dll
0x00007ffdc1620000 - 0x00007ffdc164e000 	C:\Windows\System32\IMM32.DLL
0x00000000592e0000 - 0x00000000593b2000 	C:\Program Files\Android\Android Studio\jre\jre\bin\msvcr100.dll
0x0000000059570000 - 0x0000000059db6000 	C:\Program Files\Android\Android Studio\jre\jre\bin\server\jvm.dll
0x00007ffdc41c0000 - 0x00007ffdc41c8000 	C:\Windows\System32\PSAPI.DLL
0x00007ffdbcfc0000 - 0x00007ffdbcfe4000 	C:\Windows\SYSTEM32\WINMM.dll
0x00007ffdbb420000 - 0x00007ffdbb42a000 	C:\Windows\SYSTEM32\VERSION.dll
0x00007ffdb2be0000 - 0x00007ffdb2be9000 	C:\Windows\SYSTEM32\WSOCK32.dll
0x00007ffdc1830000 - 0x00007ffdc189d000 	C:\Windows\System32\WS2_32.dll
0x00007ffdbcf90000 - 0x00007ffdbcfbd000 	C:\Windows\SYSTEM32\WINMMBASE.dll
0x00007ffdc1320000 - 0x00007ffdc136a000 	C:\Windows\System32\cfgmgr32.dll
0x00007ffdb2bb0000 - 0x00007ffdb2bbf000 	C:\Program Files\Android\Android Studio\jre\jre\bin\verify.dll
0x00007ffdb12f0000 - 0x00007ffdb1319000 	C:\Program Files\Android\Android Studio\jre\jre\bin\java.dll
0x00007ffdb12d0000 - 0x00007ffdb12e6000 	C:\Program Files\Android\Android Studio\jre\jre\bin\zip.dll

VM Arguments:
java_command: org.jetbrains.git4idea.http.GitAskPassApp Username for 'https://github.com': 
java_class_path (initial): C:/Program Files/Android/Android Studio/plugins/git4idea/lib/git4idea-rt.jar;C:/Program Files/Android/Android Studio/lib/xmlrpc-2.0.1.jar;C:/Program Files/Android/Android Studio/lib/commons-codec-1.10.jar;C:/Program Files/Android/Android Studio/lib/util.jar
Launcher Type: SUN_STANDARD

Environment Variables:
JAVA_HOME=C:\Program Files\Java\jdk1.8.0_231
PATH=C:/Program Files/Git/mingw64/libexec/git-core;C:/Program Files/Git/mingw64/libexec/git-core;C:\Program Files\Git\mingw64\bin;C:\Program Files\Git\usr\bin;C:\Users\FARHAN\bin;C:\Program Files (x86)\Common Files\Oracle\Java\javapath;C:\Program Files (x86)\Common Files\Intel\Shared Libraries\redist\intel64\compiler;C:\Windows\system32;C:\Windows;C:\Windows\System32\Wbem;C:\Windows\System32\WindowsPowerShell\v1.0\;C:\Windows\System32\OpenSSH\;C:\Program Files\Java\jdk1.8.0_231\bin;C:\xampp\php;C:\composer;C:\Program Files (x86)\Microsoft SQL Server\150\DTS\Binn\;C:\Program Files\Git\cmd;C:\Program Files\dotnet\;C:\Users\FARHAN\AppData\Local\Microsoft\WindowsApps;;C:\Users\FARHAN\AppData\Local\Programs\Microsoft VS Code\bin;C:\Users\FARHAN\AppData\Roaming\Composer\vendor\bin
USERNAME=FARHAN
DISPLAY=:0.0
OS=Windows_NT
PROCESSOR_IDENTIFIER=AMD64 Family 21 Model 101 Stepping 1, AuthenticAMD



---------------  S Y S T E M  ---------------

OS: Windows 10.0 , 64 bit Build 17763 (10.0.17763.475)

CPU:total 4 (initial active 4) (4 cores per cpu, 1 threads per core) family 21 model 101 stepping 1, cmov, cx8, fxsr, mmx, sse, sse2, sse3, ssse3, sse4.1, sse4.2, popcnt, avx, avx2, aes, clmul, mmxext, 3dnowpref, lzcnt, sse4a, tsc, tscinvbit, tscinv, bmi1

Memory: 4k page, physical 7287032k(1676176k free), swap 7287032k(5656k free)

vm_info: OpenJDK 64-Bit Server VM (25.202-b03) for windows-amd64 JRE (1.8.0_202-release-1483-b03), built by "builder" with MS VC++ 10.0 (VS2010)

time: Wed Feb 12 18:46:35 2020
timezone: SE Asia Standard Time
elapsed time: 0 seconds (0d 0h 0m 0s)

